shared/build/intermediates/manifest_merge_blame_file/release/manifest-merger-blame-release-report.txt
1<?xml version="1.0" encoding="utf-8"?>
2<manifest xmlns:android="http://schemas.android.com/apk/res/android"
3    package="com.df.mykmmlibraryone" >
4
5    <uses-sdk
6        android:minSdkVersion="27"
6-->ProcessLibraryManifest/release/tempAndroidManifest4366202464934645053.xml
7        android:targetSdkVersion="33" />
7-->ProcessLibraryManifest/release/tempAndroidManifest4366202464934645053.xml
8
9</manifest>